<?xml version="1.0" encoding="UTF-8"?>
<testng-results ignored="0" total="1" passed="1" failed="0" skipped="0">
  <reporter-output>
  </reporter-output>
  <suite started-at="2021-12-10T16:36:23 IST" name="Default suite" finished-at="2021-12-10T16:36:23 IST" duration-ms="120">
    <groups>
    </groups>
    <test started-at="2021-12-10T16:36:23 IST" name="Default test" finished-at="2021-12-10T16:36:23 IST" duration-ms="120">
      <class name="practice.Demo1Test">
        <test-method signature="read()[pri:0, instance:practice.Demo1Test@306cf3ea]" started-at="2021-12-10T16:36:23 IST" name="read" finished-at="2021-12-10T16:36:23 IST" duration-ms="25" status="PASS">
          <reporter-output>
          </reporter-output>
        </test-method> <!-- read -->
      </class> <!-- practice.Demo1Test -->
    </test> <!-- Default test -->
  </suite> <!-- Default suite -->
</testng-results>
